Determining if the pthread_create exist failed with the following output:
Change Dir: /media/harry/Windows/scratch/sdk/ubuntu/gs/project/movehead/build-harry/CMakeFiles/CMakeTmp

Run Build Command:"/usr/bin/make" "cmTryCompileExec2313819201/fast"
/usr/bin/make -f CMakeFiles/cmTryCompileExec2313819201.dir/build.make CMakeFiles/cmTryCompileExec2313819201.dir/build
make[1]: Entering directory '/media/harry/Windows/scratch/sdk/ubuntu/gs/project/movehead/build-harry/CMakeFiles/CMakeTmp'
/usr/bin/cmake -E cmake_progress_report /media/harry/Windows/scratch/sdk/ubuntu/gs/project/movehead/build-harry/CMakeFiles/CMakeTmp/CMakeFiles 1
Building C object CMakeFiles/cmTryCompileExec2313819201.dir/CheckSymbolExists.c.o
/usr/bin/cc    -o CMakeFiles/cmTryCompileExec2313819201.dir/CheckSymbolExists.c.o   -c /media/harry/Windows/scratch/sdk/ubuntu/gs/project/movehead/build-harry/CMakeFiles/CMakeTmp/CheckSymbolExists.c
Linking C executable cmTryCompileExec2313819201
/usr/bin/cmake -E cmake_link_script CMakeFiles/cmTryCompileExec2313819201.dir/link.txt --verbose=1
/usr/bin/cc       CMakeFiles/cmTryCompileExec2313819201.dir/CheckSymbolExists.c.o  -o cmTryCompileExec2313819201 -rdynamic 
CMakeFiles/cmTryCompileExec2313819201.dir/CheckSymbolExists.c.o: In function `main':
CheckSymbolExists.c:(.text+0x16): undefined reference to `pthread_create'
collect2: error: ld returned 1 exit status
CMakeFiles/cmTryCompileExec2313819201.dir/build.make:88: recipe for target 'cmTryCompileExec2313819201' failed
make[1]: *** [cmTryCompileExec2313819201] Error 1
make[1]: Leaving directory '/media/harry/Windows/scratch/sdk/ubuntu/gs/project/movehead/build-harry/CMakeFiles/CMakeTmp'
Makefile:118: recipe for target 'cmTryCompileExec2313819201/fast' failed
make: *** [cmTryCompileExec2313819201/fast] Error 2

File /media/harry/Windows/scratch/sdk/ubuntu/gs/project/movehead/build-harry/CMakeFiles/CMakeTmp/CheckSymbolExists.c:
/* */
#include <pthread.h>

int main(int argc, char** argv)
{
  (void)argv;
#ifndef pthread_create
  return ((int*)(&pthread_create))[argc];
#else
  (void)argc;
  return 0;
#endif
}

Determining if the function pthread_create exists in the pthreads failed with the following output:
Change Dir: /media/harry/Windows/scratch/sdk/ubuntu/gs/project/movehead/build-harry/CMakeFiles/CMakeTmp

Run Build Command:"/usr/bin/make" "cmTryCompileExec325396206/fast"
/usr/bin/make -f CMakeFiles/cmTryCompileExec325396206.dir/build.make CMakeFiles/cmTryCompileExec325396206.dir/build
make[1]: Entering directory '/media/harry/Windows/scratch/sdk/ubuntu/gs/project/movehead/build-harry/CMakeFiles/CMakeTmp'
/usr/bin/cmake -E cmake_progress_report /media/harry/Windows/scratch/sdk/ubuntu/gs/project/movehead/build-harry/CMakeFiles/CMakeTmp/CMakeFiles 1
Building C object CMakeFiles/cmTryCompileExec325396206.dir/CheckFunctionExists.c.o
/usr/bin/cc   -DCHECK_FUNCTION_EXISTS=pthread_create   -o CMakeFiles/cmTryCompileExec325396206.dir/CheckFunctionExists.c.o   -c /usr/share/cmake-3.0/Modules/CheckFunctionExists.c
Linking C executable cmTryCompileExec325396206
/usr/bin/cmake -E cmake_link_script CMakeFiles/cmTryCompileExec325396206.dir/link.txt --verbose=1
/usr/bin/cc   -DCHECK_FUNCTION_EXISTS=pthread_create    CMakeFiles/cmTryCompileExec325396206.dir/CheckFunctionExists.c.o  -o cmTryCompileExec325396206 -rdynamic -lpthreads 
/usr/bin/ld: cannot find -lpthreads
collect2: error: ld returned 1 exit status
CMakeFiles/cmTryCompileExec325396206.dir/build.make:88: recipe for target 'cmTryCompileExec325396206' failed
make[1]: Leaving directory '/media/harry/Windows/scratch/sdk/ubuntu/gs/project/movehead/build-harry/CMakeFiles/CMakeTmp'
make[1]: *** [cmTryCompileExec325396206] Error 1
Makefile:118: recipe for target 'cmTryCompileExec325396206/fast' failed
make: *** [cmTryCompileExec325396206/fast] Error 2


