Compiling the C compiler identification source file "CMakeCCompilerId.c" failed.
Compiler: /usr/bin/gcc 
Build flags: 
Id flags: 

The output was:
1
collect2: ld terminated with signal 11 [Segmentation fault], core dumped


Compiling the CXX compiler identification source file "CMakeCXXCompilerId.cpp" failed.
Compiler: /usr/bin/c++ 
Build flags: 
Id flags: 

The output was:
1
collect2: ld terminated with signal 11 [Segmentation fault], core dumped


Determining if the C compiler works failed with the following output:
Change Dir: /gs/naoqi/doc/examples/new/robot-swing/sdk/robotencoder/build-tc/CMakeFiles/CMakeTmp

Run Build Command:/usr/bin/make "cmTryCompileExec/fast"
/usr/bin/make -f CMakeFiles/cmTryCompileExec.dir/build.make CMakeFiles/cmTryCompileExec.dir/build
make[1]: Entering directory `/gs/naoqi/doc/examples/new/robot-swing/sdk/robotencoder/build-tc/CMakeFiles/CMakeTmp'
/usr/bin/cmake -E cmake_progress_report /gs/naoqi/doc/examples/new/robot-swing/sdk/robotencoder/build-tc/CMakeFiles/CMakeTmp/CMakeFiles 1
Building C object CMakeFiles/cmTryCompileExec.dir/testCCompiler.c.o
/usr/bin/gcc    -o CMakeFiles/cmTryCompileExec.dir/testCCompiler.c.o   -c /gs/naoqi/doc/examples/new/robot-swing/sdk/robotencoder/build-tc/CMakeFiles/CMakeTmp/testCCompiler.c
Linking C executable cmTryCompileExec
/usr/bin/cmake -E cmake_link_script CMakeFiles/cmTryCompileExec.dir/link.txt --verbose=1
/usr/bin/gcc         CMakeFiles/cmTryCompileExec.dir/testCCompiler.c.o  -o cmTryCompileExec -rdynamic 
collect2: ld terminated with signal 11 [Segmentation fault], core dumped
make[1]: Leaving directory `/gs/naoqi/doc/examples/new/robot-swing/sdk/robotencoder/build-tc/CMakeFiles/CMakeTmp'
make[1]: *** [cmTryCompileExec] Error 1
make: *** [cmTryCompileExec/fast] Error 2


Compiling the C compiler identification source file "CMakeCCompilerId.c" failed.
Compiler: /usr/bin/gcc 
Build flags: 
Id flags: 

The output was:
1
collect2: ld terminated with signal 11 [Segmentation fault], core dumped


Compiling the CXX compiler identification source file "CMakeCXXCompilerId.cpp" failed.
Compiler: /usr/bin/c++ 
Build flags: 
Id flags: 

The output was:
1
collect2: ld terminated with signal 11 [Segmentation fault], core dumped


Determining if the C compiler works failed with the following output:
Change Dir: /gs/naoqi/doc/examples/new/robot-swing/sdk/robotencoder/build-tc/CMakeFiles/CMakeTmp

Run Build Command:/usr/bin/make "cmTryCompileExec/fast"
make[1]: Entering directory `/gs/naoqi/doc/examples/new/robot-swing/sdk/robotencoder/build-tc/CMakeFiles/CMakeTmp'
/usr/bin/make -f CMakeFiles/cmTryCompileExec.dir/build.make CMakeFiles/cmTryCompileExec.dir/build
make[2]: Entering directory `/gs/naoqi/doc/examples/new/robot-swing/sdk/robotencoder/build-tc/CMakeFiles/CMakeTmp'
/usr/bin/cmake -E cmake_progress_report /gs/naoqi/doc/examples/new/robot-swing/sdk/robotencoder/build-tc/CMakeFiles/CMakeTmp/CMakeFiles 1
Building C object CMakeFiles/cmTryCompileExec.dir/testCCompiler.c.o
/usr/bin/gcc    -o CMakeFiles/cmTryCompileExec.dir/testCCompiler.c.o   -c /gs/naoqi/doc/examples/new/robot-swing/sdk/robotencoder/build-tc/CMakeFiles/CMakeTmp/testCCompiler.c
Linking C executable cmTryCompileExec
/usr/bin/cmake -E cmake_link_script CMakeFiles/cmTryCompileExec.dir/link.txt --verbose=1
/usr/bin/gcc         CMakeFiles/cmTryCompileExec.dir/testCCompiler.c.o  -o cmTryCompileExec -rdynamic 
collect2: ld terminated with signal 11 [Segmentation fault], core dumped
make[2]: Leaving directory `/gs/naoqi/doc/examples/new/robot-swing/sdk/robotencoder/build-tc/CMakeFiles/CMakeTmp'
make[1]: Leaving directory `/gs/naoqi/doc/examples/new/robot-swing/sdk/robotencoder/build-tc/CMakeFiles/CMakeTmp'
make[2]: *** [cmTryCompileExec] Error 1
make[1]: *** [cmTryCompileExec/fast] Error 2


Compiling the C compiler identification source file "CMakeCCompilerId.c" failed.
Compiler: /usr/bin/gcc 
Build flags: 
Id flags: 

The output was:
1
collect2: ld terminated with signal 11 [Segmentation fault], core dumped


Compiling the CXX compiler identification source file "CMakeCXXCompilerId.cpp" failed.
Compiler: /usr/bin/c++ 
Build flags: 
Id flags: 

The output was:
1
collect2: ld terminated with signal 11 [Segmentation fault], core dumped


Determining if the C compiler works failed with the following output:
Change Dir: /gs/naoqi/doc/examples/new/robot-swing/sdk/robotencoder/build-tc/CMakeFiles/CMakeTmp

Run Build Command:/usr/bin/make "cmTryCompileExec/fast"
/usr/bin/make -f CMakeFiles/cmTryCompileExec.dir/build.make CMakeFiles/cmTryCompileExec.dir/build
make[1]: Entering directory `/gs/naoqi/doc/examples/new/robot-swing/sdk/robotencoder/build-tc/CMakeFiles/CMakeTmp'
/usr/bin/cmake -E cmake_progress_report /gs/naoqi/doc/examples/new/robot-swing/sdk/robotencoder/build-tc/CMakeFiles/CMakeTmp/CMakeFiles 1
Building C object CMakeFiles/cmTryCompileExec.dir/testCCompiler.c.o
/usr/bin/gcc    -o CMakeFiles/cmTryCompileExec.dir/testCCompiler.c.o   -c /gs/naoqi/doc/examples/new/robot-swing/sdk/robotencoder/build-tc/CMakeFiles/CMakeTmp/testCCompiler.c
Linking C executable cmTryCompileExec
/usr/bin/cmake -E cmake_link_script CMakeFiles/cmTryCompileExec.dir/link.txt --verbose=1
/usr/bin/gcc         CMakeFiles/cmTryCompileExec.dir/testCCompiler.c.o  -o cmTryCompileExec -rdynamic 
collect2: ld terminated with signal 11 [Segmentation fault], core dumped
make[1]: Leaving directory `/gs/naoqi/doc/examples/new/robot-swing/sdk/robotencoder/build-tc/CMakeFiles/CMakeTmp'
make[1]: *** [cmTryCompileExec] Error 1
make: *** [cmTryCompileExec/fast] Error 2


Compiling the C compiler identification source file "CMakeCCompilerId.c" failed.
Compiler: /usr/bin/gcc 
Build flags: 
Id flags: 

The output was:
1
collect2: ld terminated with signal 11 [Segmentation fault], core dumped


Compiling the CXX compiler identification source file "CMakeCXXCompilerId.cpp" failed.
Compiler: /usr/bin/c++ 
Build flags: 
Id flags: 

The output was:
1
collect2: ld terminated with signal 11 [Segmentation fault], core dumped


Determining if the C compiler works failed with the following output:
Change Dir: /gs/naoqi/doc/examples/new/robot-swing/sdk/robotencoder/build-tc/CMakeFiles/CMakeTmp

Run Build Command:/usr/bin/make "cmTryCompileExec/fast"
/usr/bin/make -f CMakeFiles/cmTryCompileExec.dir/build.make CMakeFiles/cmTryCompileExec.dir/build
make[1]: Entering directory `/gs/naoqi/doc/examples/new/robot-swing/sdk/robotencoder/build-tc/CMakeFiles/CMakeTmp'
/usr/bin/cmake -E cmake_progress_report /gs/naoqi/doc/examples/new/robot-swing/sdk/robotencoder/build-tc/CMakeFiles/CMakeTmp/CMakeFiles 1
Building C object CMakeFiles/cmTryCompileExec.dir/testCCompiler.c.o
/usr/bin/gcc    -o CMakeFiles/cmTryCompileExec.dir/testCCompiler.c.o   -c /gs/naoqi/doc/examples/new/robot-swing/sdk/robotencoder/build-tc/CMakeFiles/CMakeTmp/testCCompiler.c
Linking C executable cmTryCompileExec
/usr/bin/cmake -E cmake_link_script CMakeFiles/cmTryCompileExec.dir/link.txt --verbose=1
/usr/bin/gcc         CMakeFiles/cmTryCompileExec.dir/testCCompiler.c.o  -o cmTryCompileExec -rdynamic 
collect2: ld terminated with signal 11 [Segmentation fault], core dumped
make[1]: Leaving directory `/gs/naoqi/doc/examples/new/robot-swing/sdk/robotencoder/build-tc/CMakeFiles/CMakeTmp'
make[1]: *** [cmTryCompileExec] Error 1
make: *** [cmTryCompileExec/fast] Error 2


Compiling the C compiler identification source file "CMakeCCompilerId.c" failed.
Compiler: /usr/bin/gcc 
Build flags: 
Id flags: 

The output was:
1
collect2: cannot find 'ld'


Compiling the CXX compiler identification source file "CMakeCXXCompilerId.cpp" failed.
Compiler: /usr/bin/c++ 
Build flags: 
Id flags: 

The output was:
1
collect2: cannot find 'ld'


Determining if the C compiler works failed with the following output:
Change Dir: /gs/naoqi/doc/examples/new/robot-swing/sdk/robotencoder/build-tc/CMakeFiles/CMakeTmp

Run Build Command:/usr/bin/make "cmTryCompileExec/fast"
/usr/bin/make -f CMakeFiles/cmTryCompileExec.dir/build.make CMakeFiles/cmTryCompileExec.dir/build
make[1]: Entering directory `/gs/naoqi/doc/examples/new/robot-swing/sdk/robotencoder/build-tc/CMakeFiles/CMakeTmp'
/usr/bin/cmake -E cmake_progress_report /gs/naoqi/doc/examples/new/robot-swing/sdk/robotencoder/build-tc/CMakeFiles/CMakeTmp/CMakeFiles 1
Building C object CMakeFiles/cmTryCompileExec.dir/testCCompiler.c.o
/usr/bin/gcc    -o CMakeFiles/cmTryCompileExec.dir/testCCompiler.c.o   -c /gs/naoqi/doc/examples/new/robot-swing/sdk/robotencoder/build-tc/CMakeFiles/CMakeTmp/testCCompiler.c
Linking C executable cmTryCompileExec
/usr/bin/cmake -E cmake_link_script CMakeFiles/cmTryCompileExec.dir/link.txt --verbose=1
/usr/bin/gcc         CMakeFiles/cmTryCompileExec.dir/testCCompiler.c.o  -o cmTryCompileExec -rdynamic 
collect2: cannot find 'ld'
make[1]: Leaving directory `/gs/naoqi/doc/examples/new/robot-swing/sdk/robotencoder/build-tc/CMakeFiles/CMakeTmp'
make[1]: *** [cmTryCompileExec] Error 1
make: *** [cmTryCompileExec/fast] Error 2


