Determining if the pthread_create exist failed with the following output:
Change Dir: /media/harry/Windows/scratch/sdk/ubuntu/nao/gs/robot-swing/sdk/com/build-harry/CMakeFiles/CMakeTmp

Run Build Command:"/usr/bin/make" "cmTryCompileExec3998566467/fast"
make[1]: Entering directory '/media/harry/Windows/scratch/sdk/ubuntu/nao/gs/robot-swing/sdk/com/build-harry/CMakeFiles/CMakeTmp'
/usr/bin/make -f CMakeFiles/cmTryCompileExec3998566467.dir/build.make CMakeFiles/cmTryCompileExec3998566467.dir/build
make[2]: Entering directory '/media/harry/Windows/scratch/sdk/ubuntu/nao/gs/robot-swing/sdk/com/build-harry/CMakeFiles/CMakeTmp'
/usr/bin/cmake -E cmake_progress_report /media/harry/Windows/scratch/sdk/ubuntu/nao/gs/robot-swing/sdk/com/build-harry/CMakeFiles/CMakeTmp/CMakeFiles 1
Building C object CMakeFiles/cmTryCompileExec3998566467.dir/CheckSymbolExists.c.o
/usr/bin/cc    -o CMakeFiles/cmTryCompileExec3998566467.dir/CheckSymbolExists.c.o   -c /media/harry/Windows/scratch/sdk/ubuntu/nao/gs/robot-swing/sdk/com/build-harry/CMakeFiles/CMakeTmp/CheckSymbolExists.c
Linking C executable cmTryCompileExec3998566467
/usr/bin/cmake -E cmake_link_script CMakeFiles/cmTryCompileExec3998566467.dir/link.txt --verbose=1
/usr/bin/cc       CMakeFiles/cmTryCompileExec3998566467.dir/CheckSymbolExists.c.o  -o cmTryCompileExec3998566467 -rdynamic 
CMakeFiles/cmTryCompileExec3998566467.dir/CheckSymbolExists.c.o: In function `main':
CheckSymbolExists.c:(.text+0x16): undefined reference to `pthread_create'
collect2: error: ld returned 1 exit status
CMakeFiles/cmTryCompileExec3998566467.dir/build.make:88: recipe for target 'cmTryCompileExec3998566467' failed
make[2]: *** [cmTryCompileExec3998566467] Error 1
make[2]: Leaving directory '/media/harry/Windows/scratch/sdk/ubuntu/nao/gs/robot-swing/sdk/com/build-harry/CMakeFiles/CMakeTmp'
Makefile:118: recipe for target 'cmTryCompileExec3998566467/fast' failed
make[1]: *** [cmTryCompileExec3998566467/fast] Error 2
make[1]: Leaving directory '/media/harry/Windows/scratch/sdk/ubuntu/nao/gs/robot-swing/sdk/com/build-harry/CMakeFiles/CMakeTmp'

File /media/harry/Windows/scratch/sdk/ubuntu/nao/gs/robot-swing/sdk/com/build-harry/CMakeFiles/CMakeTmp/CheckSymbolExists.c:
/* */
#include <pthread.h>

int main(int argc, char** argv)
{
  (void)argv;
#ifndef pthread_create
  return ((int*)(&pthread_create))[argc];
#else
  (void)argc;
  return 0;
#endif
}

Determining if the function pthread_create exists in the pthreads failed with the following output:
Change Dir: /media/harry/Windows/scratch/sdk/ubuntu/nao/gs/robot-swing/sdk/com/build-harry/CMakeFiles/CMakeTmp

Run Build Command:"/usr/bin/make" "cmTryCompileExec579416083/fast"
make[1]: Entering directory '/media/harry/Windows/scratch/sdk/ubuntu/nao/gs/robot-swing/sdk/com/build-harry/CMakeFiles/CMakeTmp'
/usr/bin/make -f CMakeFiles/cmTryCompileExec579416083.dir/build.make CMakeFiles/cmTryCompileExec579416083.dir/build
make[2]: Entering directory '/media/harry/Windows/scratch/sdk/ubuntu/nao/gs/robot-swing/sdk/com/build-harry/CMakeFiles/CMakeTmp'
/usr/bin/cmake -E cmake_progress_report /media/harry/Windows/scratch/sdk/ubuntu/nao/gs/robot-swing/sdk/com/build-harry/CMakeFiles/CMakeTmp/CMakeFiles 1
Building C object CMakeFiles/cmTryCompileExec579416083.dir/CheckFunctionExists.c.o
/usr/bin/cc   -DCHECK_FUNCTION_EXISTS=pthread_create   -o CMakeFiles/cmTryCompileExec579416083.dir/CheckFunctionExists.c.o   -c /usr/share/cmake-3.0/Modules/CheckFunctionExists.c
Linking C executable cmTryCompileExec579416083
/usr/bin/cmake -E cmake_link_script CMakeFiles/cmTryCompileExec579416083.dir/link.txt --verbose=1
/usr/bin/cc   -DCHECK_FUNCTION_EXISTS=pthread_create    CMakeFiles/cmTryCompileExec579416083.dir/CheckFunctionExists.c.o  -o cmTryCompileExec579416083 -rdynamic -lpthreads 
/usr/bin/ld: cannot find -lpthreads
collect2: error: ld returned 1 exit status
CMakeFiles/cmTryCompileExec579416083.dir/build.make:88: recipe for target 'cmTryCompileExec579416083' failed
make[2]: *** [cmTryCompileExec579416083] Error 1
make[2]: Leaving directory '/media/harry/Windows/scratch/sdk/ubuntu/nao/gs/robot-swing/sdk/com/build-harry/CMakeFiles/CMakeTmp'
Makefile:118: recipe for target 'cmTryCompileExec579416083/fast' failed
make[1]: *** [cmTryCompileExec579416083/fast] Error 2
make[1]: Leaving directory '/media/harry/Windows/scratch/sdk/ubuntu/nao/gs/robot-swing/sdk/com/build-harry/CMakeFiles/CMakeTmp'


